{
  "RSpec": {
    "coverage": {
      "/Users/nclucas/Dropbox/projects/golf/app/models/user.rb": [
        1,
        1,
        1,
        1,
        null,
        1,
        1,
        1,
        1,
        1,
        1,
        1,
        null,
        null,
        1,
        null,
        null,
        1,
        null,
        1,
        231,
        231,
        null,
        0,
        null,
        null,
        null,
        1,
        86,
        86,
        68,
        34,
        34,
        null,
        null,
        null,
        86,
        null,
        null,
        1,
        154,
        154,
        136,
        68,
        null,
        null,
        154,
        null,
        null,
        1,
        199,
        48,
        48,
        600,
        null,
        48,
        48,
        48,
        48,
        6,
        null,
        6,
        null,
        6,
        null,
        6,
        null,
        6,
        null,
        6,
        null,
        3,
        null,
        3,
        null,
        3,
        null,
        3,
        null,
        48,
        228,
        null,
        48,
        228,
        null,
        48,
        null,
        151,
        null,
        null,
        199,
        null,
        null,
        1,
        4,
        4,
        0,
        0,
        null,
        null,
        4,
        null,
        null,
        1,
        86,
        null,
        null,
        1,
        29,
        null,
        null,
        1,
        74,
        null,
        null
      ],
      "/Users/nclucas/Dropbox/projects/golf/app/uploaders/cover_image_uploader.rb": [
        null,
        null,
        1,
        1,
        null,
        1,
        1,
        null,
        0,
        null,
        null,
        1,
        3,
        null,
        null,
        1,
        2,
        null,
        null
      ],
      "/Users/nclucas/Dropbox/projects/golf/app/uploaders/profile_photo_uploader.rb": [
        null,
        null,
        1,
        1,
        null,
        1,
        null,
        1,
        1,
        null,
        0,
        null,
        null,
        1,
        6,
        null,
        null,
        1,
        4,
        null,
        null,
        null
      ],
      "/Users/nclucas/Dropbox/projects/golf/app/helpers/states_helper.rb": [
        1,
        null,
        1,
        null,
        89,
        null,
        null,
        null,
        null,
        null,
        null,
        null,
        null,
        null,
        null,
        null,
        null,
        null,
        null,
        null,
        null,
        null,
        null,
        null,
        null,
        null,
        null,
        null,
        null,
        null,
        null,
        null,
        null,
        null,
        null,
        null,
        null,
        null,
        null,
        null,
        null,
        null,
        null,
        null,
        null,
        null,
        null,
        null,
        null,
        null,
        null,
        null,
        null,
        null,
        null,
        null,
        null,
        null
      ],
      "/Users/nclucas/Dropbox/projects/golf/app/helpers/user_registrations_helper.rb": [
        1,
        1,
        0,
        null,
        null,
        1,
        20,
        null,
        null,
        1,
        0,
        null,
        null
      ],
      "/Users/nclucas/Dropbox/projects/golf/app/models/post.rb": [
        1,
        1,
        1,
        null,
        null,
        1,
        null,
        1,
        1,
        1,
        null
      ],
      "/Users/nclucas/Dropbox/projects/golf/app/models/tee.rb": [
        1,
        1,
        1,
        1,
        null,
        1,
        1,
        1,
        null
      ],
      "/Users/nclucas/Dropbox/projects/golf/app/models/round.rb": [
        1,
        1,
        1,
        1,
        null,
        1,
        null
      ],
      "/Users/nclucas/Dropbox/projects/golf/app/models/course.rb": [
        1,
        1,
        1,
        1,
        null,
        1,
        null,
        1,
        441,
        null,
        1,
        39,
        null,
        null,
        1,
        6,
        null,
        null,
        null
      ],
      "/Users/nclucas/Dropbox/projects/golf/app/controllers/users/sessions_controller.rb": [
        1,
        null,
        1,
        null,
        1,
        38,
        null,
        null
      ],
      "/Users/nclucas/Dropbox/projects/golf/app/controllers/application_controller.rb": [
        1,
        null,
        null,
        1,
        1,
        null,
        1,
        0,
        null,
        null,
        1,
        null,
        1,
        null,
        null,
        null,
        null,
        null,
        null,
        null,
        null,
        null,
        92,
        null,
        null,
        null,
        null,
        null,
        null,
        null,
        null,
        null,
        92,
        null,
        null
      ],
      "/Users/nclucas/Dropbox/projects/golf/app/controllers/users_controller.rb": [
        1,
        1,
        null,
        1,
        0,
        0,
        null,
        0,
        null,
        null,
        null,
        1,
        null,
        85,
        85,
        null,
        0,
        null,
        85,
        85,
        85,
        85,
        85,
        85,
        85,
        null,
        null,
        null
      ],
      "/Users/nclucas/Dropbox/projects/golf/app/models/player_round.rb": [
        1,
        1,
        1,
        1,
        null,
        1,
        1,
        null
      ],
      "/Users/nclucas/Dropbox/projects/golf/app/models/friendship.rb": [
        1,
        1,
        1,
        null,
        1,
        0,
        null,
        null
      ],
      "/Users/nclucas/Dropbox/projects/golf/app/controllers/rounds_controller.rb": [
        1,
        1,
        null,
        1,
        1,
        null,
        null,
        1,
        1,
        1,
        1,
        1,
        1,
        1,
        null,
        0,
        null,
        null,
        null,
        1,
        2,
        2,
        2,
        2,
        null,
        null,
        1,
        null,
        1,
        1,
        null,
        null
      ],
      "/Users/nclucas/Dropbox/projects/golf/app/controllers/player_rounds_controller.rb": [
        1,
        1,
        null,
        1,
        1,
        1,
        1,
        1,
        0,
        null,
        1,
        1,
        1,
        null,
        0,
        0,
        0,
        0,
        0,
        null,
        null,
        null,
        1,
        null,
        1,
        1,
        null,
        null,
        null,
        null,
        null,
        null,
        null,
        null
      ],
      "/Users/nclucas/Dropbox/projects/golf/app/controllers/courses_controller.rb": [
        1,
        1,
        null,
        1,
        0,
        null,
        null,
        1,
        2,
        null,
        null,
        1,
        2,
        2,
        2,
        1,
        1,
        null,
        1,
        1,
        null,
        null,
        null,
        1,
        4,
        4,
        4,
        null,
        null,
        1,
        null,
        1,
        2,
        null,
        null,
        null,
        null,
        null,
        null,
        null,
        null,
        null,
        null
      ],
      "/Users/nclucas/Dropbox/projects/golf/app/controllers/tees_controller.rb": [
        1,
        1,
        null,
        1,
        1,
        1,
        1,
        1,
        1,
        1,
        null,
        0,
        0,
        0,
        null,
        null,
        null,
        1,
        null,
        1,
        1,
        null,
        null
      ],
      "/Users/nclucas/Dropbox/projects/golf/app/controllers/friendships_controller.rb": [
        1,
        1,
        5,
        5,
        5,
        5,
        null,
        0,
        0,
        null,
        null,
        null,
        1,
        3,
        3,
        null,
        null,
        1,
        2,
        2,
        2,
        null,
        0,
        null,
        2,
        2,
        2,
        2,
        2,
        null,
        null,
        null,
        1,
        4,
        4,
        3,
        3,
        3,
        3,
        1,
        1,
        1,
        1,
        null,
        null,
        null
      ],
      "/Users/nclucas/Dropbox/projects/golf/app/controllers/homes_controller.rb": [
        1,
        1,
        10,
        null,
        null
      ],
      "/Users/nclucas/Dropbox/projects/golf/app/controllers/users/registrations_controller.rb": [
        1,
        null,
        1,
        2,
        2,
        2,
        2,
        1,
        1,
        1,
        1,
        1,
        null,
        0,
        null,
        null,
        null,
        1,
        1,
        null,
        null,
        null,
        1,
        3,
        3,
        3,
        3,
        3,
        null,
        0,
        null,
        null,
        3,
        3,
        1,
        null,
        2,
        2,
        2,
        null,
        null,
        0,
        null,
        null,
        null,
        1,
        null,
        1,
        0,
        null,
        null,
        1,
        null,
        1,
        2,
        null,
        null,
        1,
        0,
        null,
        null
      ],
      "/Users/nclucas/Dropbox/projects/golf/app/controllers/posts_controller.rb": [
        1,
        1,
        null,
        null,
        1,
        2,
        2,
        2,
        2,
        1,
        null,
        1,
        1,
        1,
        1,
        1,
        null,
        null,
        null,
        1,
        null,
        1,
        2,
        null,
        null
      ]
    },
    "timestamp": 1436839371
  }
}
