{
  "RSpec": {
    "coverage": {
      "/Users/nickcluc/Dropbox/launch/projects/golf/app/models/user.rb": [
        1,
        1,
        1,
        1,
        1,
        null,
        null,
        1,
        null,
        null
      ],
      "/Users/nickcluc/Dropbox/launch/projects/golf/app/helpers/states_helper.rb": [
        1,
        null,
        1,
        null,
        3,
        null,
        null,
        null,
        null,
        null,
        null,
        null,
        null,
        null,
        null,
        null,
        null,
        null,
        null,
        null,
        null,
        null,
        null,
        null,
        null,
        null,
        null,
        null,
        null,
        null,
        null,
        null,
        null,
        null,
        null,
        null,
        null,
        null,
        null,
        null,
        null,
        null,
        null,
        null,
        null,
        null,
        null,
        null,
        null,
        null,
        null,
        null,
        null,
        null,
        null,
        null,
        null,
        null
      ],
      "/Users/nickcluc/Dropbox/launch/projects/golf/app/models/course.rb": [
        1,
        1,
        1,
        1,
        null,
        1,
        null,
        1,
        4,
        null,
        1,
        2,
        null,
        null,
        1,
        2,
        null,
        null,
        null
      ],
      "/Users/nickcluc/Dropbox/launch/projects/golf/app/controllers/application_controller.rb": [
        1,
        null,
        null,
        1,
        null
      ],
      "/Users/nickcluc/Dropbox/launch/projects/golf/app/controllers/homes_controller.rb": [
        1,
        1,
        null,
        null
      ],
      "/Users/nickcluc/Dropbox/launch/projects/golf/app/controllers/courses_controller.rb": [
        1,
        1,
        null,
        1,
        0,
        null,
        null,
        1,
        2,
        null,
        null,
        1,
        2,
        2,
        2,
        1,
        1,
        null,
        1,
        1,
        null,
        null,
        null,
        1,
        2,
        2,
        null,
        null,
        1,
        null,
        1,
        2,
        null,
        null,
        null,
        null,
        null,
        null,
        null,
        null,
        null,
        null
      ]
    },
    "timestamp": 1424224022
  }
}
